CPI0840                        1.05861
CFI082                         16.2723
CPV084BY                       1.06
CFI60DLP                       4.83991
CPI6010                        4.4663
CFI6010                        11.1507
CFI75DB15R                     1.44329
Channel connect timed out: 'FI8561' not found.
Channel connect timed out: 'MV6010A' not found.
Channel connect timed out: 'MV6010B' not found.
Channel connect timed out: 'MV6010C' not found.
Channel connect timed out: 'MV6030A' not found.
Channel connect timed out: 'MV6031A' not found.
Channel connect timed out: 'MV6030B' not found.
Channel connect timed out: 'MV6031B' not found.
Channel connect timed out: 'MV6030C' not found.
Channel connect timed out: 'MV6031C' not found.
CFI6030                        6.78128
CPI60HP                        18.3931
CPI60LP                        1.09772
CPI671                         3.1206
CPI672                         1.12275
CPI673                         1.34332
CPI674                         1.94567
CPI6751                        4.24474
CLL6763A                       60.9412
Channel connect timed out: 'CLL6763A_DL_Dt30' not found.
Channel connect timed out: 'CLL6763A_DL_Dt120' not found.
Channel connect timed out: 'CLL6763A_DL_Dt600' not found.
CFI6711A                       25.2544
CFI6711B                       5.96504
CFI6711C                       21.8239
CFI6712                        9.10499
CLL71Q205R                     88.8167
CLL71Q305R                     91.2306
CLL71D106R                     85.9586
CLL72Q205R                     91.8105
CLL72Q305R                     86.7872
CLL72D106R                     85.6123
Channel connect timed out: 'CLL7172Total' not found.
Channel connect timed out: 'CLL7172TotalDL_Dt30' not found.
Channel connect timed out: 'CLL7172TotalDL_Dt120' not found.
Channel connect timed out: 'CLL7172TotalDL_Dt600' not found.
HacL_Q2_HP3458A:IOUT           -0.000220884
HacL_HPE1313A:0_Ch21           102.979
HacL_HPE1313A:0_Ch22           111.494
HacL_D1_HP3458A:IOUT           0.0418812
HacL_HPE1313A:0_Ch0            48.8672
HacL_HPE1313A:0_Ch1            63.5986
HacL_Q3_HP3458A:IOUT           -0.000364066
HacL_HPE1313A:0_Ch32           81.2744
HacL_HPE1313A:0_Ch33           91.7188
HacR_Q2_HP3458A:IOUT           0.000162014
HacR_HPE1313A:0_Ch21           82.8467
HacR_HPE1313A:0_Ch22           83.4082
HacR_D1_HP3458A:IOUT           0.0569592
HacR_HPE1313A:0_Ch0            86.0254
HacR_HPE1313A:0_Ch1            84.0625
HacR_Q3_HP3458A:IOUT           5.23083e-05
HacR_HPE1313A:0_Ch32           43.3984
HacR_HPE1313A:0_Ch33           43.5596
CFI75DB15O                     1.07584
CPI75DB05RA                    3.20486
CPI75DB08RA                    1.73347
B_TORUS:LHe:LL8120DP           75.3541
B_TORUS:LHe:LL8120SC           100.174
B_SOL:LHe:LL8620DP             89.7816
B_SOL:LHe:LL8620SC             100.138
B_SOL:LHe:LL8670DP             73.4685
B_SOL:LHe:LL8670SC             74.2579
LL8210.VAL                     60.9
B_SACLAYTGT:LT_CR              64.9
B_SACLAYTGT:PT_2KH             1088.39
B_SACLAYTGT:TT_ET              251
Channel connect timed out: 'B_TORUS:LHe:FI8561' not found.
B_SOL:MPS:I_ZFCT               -0.06748
B_SOL:LHe:FI8621A_IN           60.3473
B_SOL:LHe:FI8621B_IN           60.1589
B_TORUS:MPS:I_ZFCT             0.07359
B_TORUS:LHe:FV8121A_IN         88.6486
B_TORUS:LHe:FV8121B_IN         88.4572
Channel connect timed out: 'ecQ1_H_LHe' not found.
Channel connect timed out: 'ecQ2_H_LHe' not found.
Channel connect timed out: 'ecQ3_H_LHe' not found.
Channel connect timed out: 'ecDI_H_LHe' not found.
Channel connect timed out: 'ecSHB_H_LHe' not found.
Channel connect timed out: 'ecSQ1_H_LHe' not found.
Channel connect timed out: 'ecSQ2_H_LHe' not found.
Channel connect timed out: 'ecSQ3_H_LHe' not found.
Channel connect timed out: 'ecSDI_H_LHe' not found.
Read operation timed out: some PV data was not read.
ecQ1_I_True                    0
CA.Client.Exception...............................................
    Warning: "Virtual circuit disconnect"
    Context: "op=0, channel=ecQ1_I_True, type=DBR_TIME_DOUBLE, count=1, ctx="cagwhlb.acc.jlab.org:5064""
    Source File: ../getCopy.cpp line 92
    Current Time: Sat Oct 07 2017 12:14:29.882650649
..................................................................
ecQ2_I_True                    0
ecQ3_I_True                    0
ecDI_I_True                    0
ecSHB_I_True                   0.05
ecSQ1_I_True                   0.04
ecSQ2_I_True                   0.36
ecSQ3_I_True                   0.0800001
ecSDI_I_True                   0.2
ecQ1_m_flow_CL_P               9.01203
ecQ1_m_flow_CL_N               8.99319
ecQ2_m_flow_CL_P               8.99437
ecQ2_m_flow_CL_N               9.00673
ecQ3_m_flow_CL_P               9.00438
ecQ3_m_flow_CL_N               9.01615
ecDI_M_flow_Rx                 8602.08
ecDI_M_flow_Lx                 6089.99
ecSHB_m_flow_CL_R              58.0172
ecSHB_m_flow_CL_L              58.5954
ecSQ1_m_flow_CL_R              57.4376
ecSQ1_m_flow_CL_L              57.5549
ecSQ2_m_flow_CL_R              55.66
ecSQ2_m_flow_CL_L              55.9321
ecSQ3_m_flow_CL_R              54.6934
ecSQ3_m_flow_CL_L              52.4724
ecSDI_m_flow_CL_R              52.4036
ecSDI_m_flow_CL_L              52.5569
Channel connect timed out: 'CEV6711C.ORBC' not found.
CEV6721C.ORBV                  106.202
CEV6711C                       23.5
CFI6711C                       21.6056
echmst1                        5.21
echmst2                        5.35
ecSTL_T_He_Supply_TL           6.06045
ecSTL_T_He_Return_TL           5.13398
EV91017_readback               0
EV91019_readback               0
LL91020                        13
EV91001_pos                    92.9077
OXSS_RDF                       0
OXSS_MGFD                      -3.50177e-09
haL1_JTV_Rca                   45.4886
haL1_Temperature               1.4
haL1_hp_power_R                2.66553
haL1_TI_Cryo_In_R              1.4
haL1_TI_Cryo_Out_R             475
haL2_JTV_Rca                   99.9999
haL2_Temperature               5.721
haL2_hp_power_R                2.42353
haL2_TI_Cryo_In_R              1.4
haL2_TI_Cryo_Out_R             475
haL3_JTV_Rca                   91.9248
haL3_Temperature               688.74
haL3_hp_power_R                0.443065
haL3_TI_Cryo_In_R              1.4
haL3_TI_Cryo_Out_R             475
haLS218_4_T4                   1.4
haWR_EV_R                      0
haCryo_Supply_T                224.18
haCryo_Return_T                102.07
haCryo_Supply_P                1.49552
haCryo_Return_P                1.87297
haHallA_beam_current           0
Channel connect timed out: 'hcL1_JTV_Rca' not found.
Channel connect timed out: 'hcL1_Temperature' not found.
Channel connect timed out: 'hcL1_hp_power_R' not found.
Channel connect timed out: 'hcL1_TI_Cryo_In_R' not found.
Channel connect timed out: 'hcL1_TI_Cryo_Out_R' not found.
Channel connect timed out: 'hcL2_JTV_Rca' not found.
Channel connect timed out: 'hcL2_Temperature' not found.
Channel connect timed out: 'hcL2_hp_power_R' not found.
Channel connect timed out: 'hcL2_TI_Cryo_In_R' not found.
Channel connect timed out: 'hcL2_TI_Cryo_Out_R' not found.
Channel connect timed out: 'hcL3_JTV_Rca' not found.
Channel connect timed out: 'hcL3_Temperature' not found.
Channel connect timed out: 'hcL3_hp_power_R' not found.
Channel connect timed out: 'hcL3_TI_Cryo_In_R' not found.
Channel connect timed out: 'hcL3_TI_Cryo_Out_R' not found.
Channel connect timed out: 'hcLS218_4_T4' not found.
Channel connect timed out: 'hcWR_EV_R' not found.
Channel connect timed out: 'hcCryo_Supply_T' not found.
Channel connect timed out: 'hcCryo_Return_T' not found.
Channel connect timed out: 'hcCryo_Supply_P' not found.
Channel connect timed out: 'hcCryo_Return_P' not found.
Channel connect timed out: 'hcHallC_beam_current' not found.
