

##### Offline PVs:
MV6010A :: Hall Warm Gas and Recovery Compressors/Purifiers :: 4atm to Hall A
MV6010B :: Hall Warm Gas and Recovery Compressors/Purifiers :: 4atm to Hall B
MV6010C :: Hall Warm Gas and Recovery Compressors/Purifiers :: 4atm to Hall C
MV6030A :: Hall Warm Gas and Recovery Compressors/Purifiers :: A Warm Return to ESR
MV6031A :: Hall Warm Gas and Recovery Compressors/Purifiers :: A Warm Return to Recovery
MV6030B :: Hall Warm Gas and Recovery Compressors/Purifiers :: B Warm Return to ESR
MV6031B :: Hall Warm Gas and Recovery Compressors/Purifiers :: B Warm Return to Recovery
MV6030C :: Hall Warm Gas and Recovery Compressors/Purifiers :: C Warm Return to ESR
MV6031C :: Hall Warm Gas and Recovery Compressors/Purifiers :: C Warm Return to Recovery
CLL6763A_DL_Dt30 :: ESR Coldbox, Dewar and Valve Box :: 10K  Dewar level change rate 0.5hr
CLL6763A_DL_Dt120 :: ESR Coldbox, Dewar and Valve Box :: 10K  Dewar level change rate 2hr
CLL6763A_DL_Dt600 :: ESR Coldbox, Dewar and Valve Box :: 10K  Dewar level change rate 10hr


##### Unarchived PVs:
MV6010A :: Hall Warm Gas and Recovery Compressors/Purifiers :: 4atm to Hall A
MV6010B :: Hall Warm Gas and Recovery Compressors/Purifiers :: 4atm to Hall B
MV6010C :: Hall Warm Gas and Recovery Compressors/Purifiers :: 4atm to Hall C
MV6030A :: Hall Warm Gas and Recovery Compressors/Purifiers :: A Warm Return to ESR
MV6031A :: Hall Warm Gas and Recovery Compressors/Purifiers :: A Warm Return to Recovery
MV6030B :: Hall Warm Gas and Recovery Compressors/Purifiers :: B Warm Return to ESR
MV6031B :: Hall Warm Gas and Recovery Compressors/Purifiers :: B Warm Return to Recovery
MV6030C :: Hall Warm Gas and Recovery Compressors/Purifiers :: C Warm Return to ESR
MV6031C :: Hall Warm Gas and Recovery Compressors/Purifiers :: C Warm Return to Recovery
CLL6763A_DL_Dt30 :: ESR Coldbox, Dewar and Valve Box :: 10K  Dewar level change rate 0.5hr
CLL6763A_DL_Dt120 :: ESR Coldbox, Dewar and Valve Box :: 10K  Dewar level change rate 2hr
CLL6763A_DL_Dt600 :: ESR Coldbox, Dewar and Valve Box :: 10K  Dewar level change rate 10hr
CEV72Q206R.ORBV :: Hall A Magnets and Target :: Warm Return Right Q2
EV8210BP.ORBV :: Hall B Magnets, Buffer Dewar and Target :: Buffer Dewar cold return valve
EV8210CD_readback :: Hall B Magnets, Buffer Dewar and Target :: Buffer Dewar warm return valve
ecQ1_I_True :: Hall C Magnets and Target :: Current HMS Q1
ecQ2_I_True :: Hall C Magnets and Target :: Current HMS Q2
ecQ3_I_True :: Hall C Magnets and Target :: Current HMS Q3
ecDI_I_True :: Hall C Magnets and Target :: Current HMS Dipole
ecSHB_I_True :: Hall C Magnets and Target :: Current SHMS HB
ecSQ1_I_True :: Hall C Magnets and Target :: Current SHMS Q1
ecSQ2_I_True :: Hall C Magnets and Target :: Current SHMS Q2
ecSQ3_I_True :: Hall C Magnets and Target :: Current SHMS Q3
ecSDI_I_True :: Hall C Magnets and Target :: Current SHMS Dipole
ecQ1_m_flow_CL_P :: Hall C Magnets and Target :: HMS Q1 VCL + Flow
ecQ1_m_flow_CL_N :: Hall C Magnets and Target :: HMS Q1 VCL - Flow
ecQ2_m_flow_CL_P :: Hall C Magnets and Target :: HMS Q2 VCL + Flow
ecQ2_m_flow_CL_N :: Hall C Magnets and Target :: HMS Q2 VCL - Flow
ecQ3_m_flow_CL_P :: Hall C Magnets and Target :: HMS Q3 VCL + Flow
ecQ3_m_flow_CL_N :: Hall C Magnets and Target :: HMS Q3 VCL - Flow
ecDI_M_flow_Rx :: Hall C Magnets and Target :: HMS Dipole VCL + Flow
ecDI_M_flow_Lx :: Hall C Magnets and Target :: HMS Dipole VCL - Flow
ecSHB_m_flow_CL_R :: Hall C Magnets and Target :: SHMS HB VCL + Flow
ecSHB_m_flow_CL_L :: Hall C Magnets and Target :: SHMS HB VCL - Flow
ecSQ1_m_flow_CL_R :: Hall C Magnets and Target :: SHMS Q1 VCL + Flow
ecSQ1_m_flow_CL_L :: Hall C Magnets and Target :: SHMS Q1 VCL - Flow
ecSQ2_m_flow_CL_R :: Hall C Magnets and Target :: SHMS Q2 VCL + Flow
ecSQ2_m_flow_CL_L :: Hall C Magnets and Target :: SHMS Q2 VCL - Flow
ecSQ3_m_flow_CL_R :: Hall C Magnets and Target :: SHMS Q3 VCL + Flow
ecSQ3_m_flow_CL_L :: Hall C Magnets and Target :: SHMS Q3 VCL - Flow
ecSDI_m_flow_CL_R :: Hall C Magnets and Target :: SHMS Dipole VCL + Flow
ecSDI_m_flow_CL_L :: Hall C Magnets and Target :: SHMS Dipole VCL - Flow
ecDI_S5_LVDT_true :: Hall C Magnets and Target :: HMS DI 4K Supply Valve
ecQ3_V8_LVDT_true :: Hall C Magnets and Target :: HMS Q3 4K Supply Valve
ecQ2_V8_LVDT_true :: Hall C Magnets and Target :: HMS Q2 4K Supply Valve
ecQ1_V8_LVDT_true :: Hall C Magnets and Target :: HMS Q1 4K Supply Valve
ecDI_S6_LVDT_true :: Hall C Magnets and Target :: HMS DI 4K Return Valve
ecQ3_V13_LVDT_true :: Hall C Magnets and Target :: HMS Q3 4K Return Valve
ecQ2_V13_LVDT_true :: Hall C Magnets and Target :: HMS Q2 4K Return Valve
ecQ1_V13_LVDT_true :: Hall C Magnets and Target :: HMS Q1 4K Return Valve
ecQ1_vWR_LVDT_true :: Hall C Magnets and Target :: HMS DI Warm Return Valve
ecQ2_vWR_LVDT_true :: Hall C Magnets and Target :: HMS Q3 Warm Return Valve
ecQ3_vWR_LVDT_true :: Hall C Magnets and Target :: HMS Q2 Warm Return Valve
ecDI_s11_LVDT_true :: Hall C Magnets and Target :: HMS Q1 Warm Return Valve
ecSDI_V5_LVDT_true :: Hall C Magnets and Target :: SHMS DI 4K Supply Valve
ecSQ3_V5_LVDT_true :: Hall C Magnets and Target :: SHMS Q3 4K Supply Valve
ecSQ2_V5_LVDT_true :: Hall C Magnets and Target :: SHMS Q2 4K Supply Valve
ecSQ1_V5_LVDT_true :: Hall C Magnets and Target :: SHMS Q1 4K Supply Valve
ecSHB_V5_LVDT_true :: Hall C Magnets and Target :: SHMS HB 4K Supply Valve
ecSDI_V6_LVDT_true :: Hall C Magnets and Target :: SHMS DI 4K Return Valve
ecSQ3_V6_LVDT_true :: Hall C Magnets and Target :: SHMS Q3 4K Return Valve
ecSQ2_V6_LVDT_true :: Hall C Magnets and Target :: SHMS Q2 4K Return Valve
ecSQ1_V6_LVDT_true :: Hall C Magnets and Target :: SHMS Q1 4K Return Valve
ecSHB_V6_LVDT_true :: Hall C Magnets and Target :: SHMS HB 4K Return Valve
ecSDI_vWR_LVDT_true :: Hall C Magnets and Target :: SHMS DI Warm Return Valve
ecSHB_vWR_LVDT_true :: Hall C Magnets and Target :: SHMS Q3 Warm Return Valve
ecSQ1_vWR_LVDT_true :: Hall C Magnets and Target :: SHMS Q2 Warm Return Valve
ecSQ2_vWR_LVDT_true :: Hall C Magnets and Target :: SHMS Q1 Warm Return Valve
ecSQ3_vWR_LVDT_true :: Hall C Magnets and Target :: SHMS HB Warm Return Valve
echmst1 :: Hall C Magnets and Target :: HMS Transfer Line He Supply Temp
echmst2 :: Hall C Magnets and Target :: HMS Transfer Line He Return Temp
ecSTL_T_He_Supply_TL :: Hall C Magnets and Target :: SHMS Transfer Line He Supply Temp
ecSTL_T_He_Return_TL :: Hall C Magnets and Target :: SHMS Transfer Line He Return Temp
EV91017_readback :: Moller Magnet Hall C :: 4K He Supply Valve
EV91019_readback :: Moller Magnet Hall C :: 4K He Return Valve
EV91001_pos :: Moller Magnet Hall C :: 300K warm He gas return valve
haL1_Temperature :: Atarg:  Hall A Cryotarget :: Loop 1control temperature, readback
haL1_TI_Cryo_In_R :: Atarg:  Hall A Cryotarget :: Loop 1 coolant-in temperature
haL1_TI_Cryo_Out_R :: Atarg:  Hall A Cryotarget :: Loop 1 coolant-out temperature
haL2_Temperature :: Atarg:  Hall A Cryotarget :: Loop 2 control temperature, readback
haL2_TI_Cryo_In_R :: Atarg:  Hall A Cryotarget :: Loop 2 coolant-in temperature
haL2_TI_Cryo_Out_R :: Atarg:  Hall A Cryotarget :: Loop 2 coolant-out temperature
haL3_Temperature :: Atarg:  Hall A Cryotarget :: Loop 3 control temperature, readback
haL3_TI_Cryo_In_R :: Atarg:  Hall A Cryotarget :: Loop 3 coolant-in temperature
haL3_TI_Cryo_Out_R :: Atarg:  Hall A Cryotarget :: Loop 3 coolant-out temperature
haCryo_Supply_T :: Atarg:  Hall A Cryotarget :: ESR 15K supply temperature to Hall A
haCryo_Return_T :: Atarg:  Hall A Cryotarget :: ESR 15K return temperature from Hall A
haCryo_Supply_P :: Atarg:  Hall A Cryotarget :: ESR 15K supply pressure to Hall A
haCryo_Return_P :: Atarg:  Hall A Cryotarget :: ESR 15K return pressure from Hall A
hcL1_Temperature :: Ctarg:  Hall C Cryotarget :: Loop 1control temperature, readback
hcL1_TI_Cryo_In_R :: Ctarg:  Hall C Cryotarget :: Loop 1 coolant-in temperature
hcL1_TI_Cryo_Out_R :: Ctarg:  Hall C Cryotarget :: Loop 1 coolant-out temperature
hcL2_Temperature :: Ctarg:  Hall C Cryotarget :: Loop 2 control temperature, readback
hcL2_TI_Cryo_In_R :: Ctarg:  Hall C Cryotarget :: Loop 2 coolant-in temperature
hcL2_TI_Cryo_Out_R :: Ctarg:  Hall C Cryotarget :: Loop 2 coolant-out temperature
hcL3_Temperature :: Ctarg:  Hall C Cryotarget :: Loop 3 control temperature, readback
hcL3_TI_Cryo_In_R :: Ctarg:  Hall C Cryotarget :: Loop 3 coolant-in temperature
hcL3_TI_Cryo_Out_R :: Ctarg:  Hall C Cryotarget :: Loop 3 coolant-out temperature
hcCryo_Supply_T :: Ctarg:  Hall C Cryotarget :: ESR 15K supply temperature to Hall C
hcCryo_Return_T :: Ctarg:  Hall C Cryotarget :: ESR 15K return temperature from Hall C
hcCryo_Supply_P :: Ctarg:  Hall C Cryotarget :: ESR 15K supply pressure to Hall C
hcCryo_Return_P :: Ctarg:  Hall C Cryotarget :: ESR 15K return pressure from Hall C
hcHallC_beam_current :: Ctarg:  Hall C Cryotarget :: beam current on Hall C cryotarget


##### Malformed PVs:
CEV6761.ORBV :: ESR Coldbox, Dewar and Valve Box :: 10K Dewar fill valve
CEV71D104R.ORBV :: Hall A Magnets and Target :: Top fill Left Dipole
CEV71D116R.ORBV :: Hall A Magnets and Target :: Bottom Fill  Left Dipole
CEV71D105R.ORBV :: Hall A Magnets and Target :: Cold Return  Left Dipole
CEV71D106R.ORBV :: Hall A Magnets and Target :: Warm Return  Left Dipole
CEV72D104R.ORBV :: Hall A Magnets and Target :: Top fill  Right Dipole
CEV72D116R.ORBV :: Hall A Magnets and Target :: Bottom Fill  Right Dipole
CEV72D105R.ORBV :: Hall A Magnets and Target :: Cold Return Right Dipole
CEV72D106R.ORBV :: Hall A Magnets and Target :: Warm Return Right Dipole
CEV71Q204R.ORBV :: Hall A Magnets and Target :: Top fill Left Q2
CEV71Q216R.ORBV :: Hall A Magnets and Target :: Bottom Fill Left Q2
CEV71Q206R.ORBV :: Hall A Magnets and Target :: Warm Return Left Q2
CEV72Q204R.ORBV :: Hall A Magnets and Target :: Top fill Right Q2
CEV72Q216R.ORBV :: Hall A Magnets and Target :: Bottom Fill Right Q2
CEV72Q206R.ORBV :: Hall A Magnets and Target :: Warm Return Right Q2
CEV71Q304R.ORBV :: Hall A Magnets and Target :: Top fill Left Q3
CEV71Q316R.ORBV :: Hall A Magnets and Target :: Bottom Fill Left Q3
CEV71Q306R.ORBV :: Hall A Magnets and Target :: Warm Return Left Q3
CEV72Q304R.ORBV :: Hall A Magnets and Target :: Top fill Right Q3
CEV72Q316R.ORBV :: Hall A Magnets and Target :: Bottom Fill Right Q3
CEV72Q306R.ORBV :: Hall A Magnets and Target :: Warm Return Right Q3
EV8210BP.ORBV :: Hall B Magnets, Buffer Dewar and Target :: Buffer Dewar cold return valve
CEV6711C.ORBV :: Hall C Magnets and Target :: Cryo's 4K Supply Valve to Hall C
CEV6721C.ORBV :: Hall C Magnets and Target :: Cryos's 4K Return Valve from Hall C


##### Good PVs:
#Hall Warm Gas and Recovery Compressors/Purifiers
CPI0840
CFI082
CPV084BY
CPV10DR
CFI60DLP
CPI6010
CFI6010
CFI75DB15R
B_TORUS:LHe:FI8561_Flow
CFI6030
#ESR Coldbox, Dewar and Valve Box
CPI60HP
CPI60LP
CPI671
CPI672
CPI673
CPI674
CPI6751
CLL6763A
CFI6711A
CFI6711B
CFI6711C
CFI6712
#Hall A Magnets and Target
CLL71Q205R
CLL71Q305R
CLL71D106R
CLL72Q205R
CLL72Q305R
CLL72D106R
HacL_Q2_HP3458A:IOUT
HacL_HPE1313A:0_Ch21
HacL_HPE1313A:0_Ch22
HacL_D1_HP3458A:IOUT
HacL_HPE1313A:0_Ch0
HacL_HPE1313A:0_Ch1
HacL_Q3_HP3458A:IOUT
HacL_HPE1313A:0_Ch32
HacL_HPE1313A:0_Ch33
HacR_Q2_HP3458A:IOUT
HacR_HPE1313A:0_Ch21
HacR_HPE1313A:0_Ch22
HacR_D1_HP3458A:IOUT
HacR_HPE1313A:0_Ch0
HacR_HPE1313A:0_Ch1
HacR_Q3_HP3458A:IOUT
HacR_HPE1313A:0_Ch32
HacR_HPE1313A:0_Ch33
CFI75DB15O
CPI75DB05RA
CPI75DB08RA
#Hall B Magnets, Buffer Dewar and Target
B_SOL:LHe:EV8611JT
B_SOL:LHe:EV8611CD
B_SOL:LHe:LL8620DP
B_SOL:LHe:LL8620SC
B_SOL:LHe:LL8670DP
B_SOL:LHe:LL8670SC
B_SOL:MPS:I_ZFCT
B_SOL:LHe:FI8621A_IN
B_SOL:LHe:FI8621B_IN
B_TORUS:LHe:PV8522SR
B_TORUS:LHe:PV8522SCD
B_TORUS:LHe:EV8115JT
B_TORUS:LHe:EV8111CD
B_TORUS:LHe:EV8111BY
B_TORUS:LHe:LL8120DP
B_TORUS:LHe:LL8120SC
B_TORUS:MPS:I_ZFCT
B_TORUS:LHe:FV8121A_IN
B_TORUS:LHe:FV8121B_IN
B_TORUS:LHe:PV8522TR
B_TORUS:LHe:PV8522TCD
LL8210
B_SACLAYTGT:LT_CR
B_SACLAYTGT:PT_2KH
B_SACLAYTGT:TT_ET
#Hall C Magnets and Target
ecQ1_h_LHe
ecQ2_h_LHe
ecQ3_h_LHe
ecDI_h_LHe
ecSHB_h_LHe
ecSQ1_h_LHe
ecSQ2_h_LHe
ecSQ3_h_LHe
ecSDI_h_LHe
CEV6711C
CFI6711C
#Moller Magnet Hall C
LL91020
OXSS_RDF
OXSS_MGFD
#Atarg:  Hall A Cryotarget
haL1_JTV_Rca
haL1_hp_power_R
haL2_JTV_Rca
haL2_hp_power_R
haL3_JTV_Rca
haL3_hp_power_R
haLS218_4_T4
haWR_EV_R
haHallA_beam_current
#Ctarg:  Hall C Cryotarget
hcL1_JTV_Rca
hcL1_hp_power_R
hcL2_JTV_Rca
hcL2_hp_power_R
hcL3_JTV_Rca
hcL3_hp_power_R
hcLS218_4_T4
hcWR_EV_R
